# JRE version: OpenJDK Runtime Environment (17.0.6) (build 17.0.6+0-b2043.56-10027231)
# Java VM: OpenJDK 64-Bit Server VM (17.0.6+0-b2043.56-10027231, mixed mode, tiered, compressed oops, compressed class ptrs, g1 gc, windows-amd64)
GC Precious Log:
 CPUs: 6 total, 6 available
 Memory: 16337M
 Large Page Support: Disabled
 NUMA Support: Disabled
 Compressed Oops: Enabled (32-bit)
 Heap Region Size: 1M
 Heap Min Capacity: 8M
 Heap Initial Capacity: 256M
 Heap Max Capacity: 2G
 Pre-touch: Disabled
 Parallel Workers: 6
 Concurrent Workers: 2
 Concurrent Refinement Workers: 6
 Periodic GC: Disabled
Heap:
 garbage-first heap   total 409600K, used 123823K [0x0000000080000000, 0x0000000100000000)
  region size 1024K, 6 young (6144K), 6 survivors (6144K)
 Metaspace       used 146496K, committed 148352K, reserved 1179648K
  class space    used 19099K, committed 19968K, reserved 1048576K
GC Heap History (20 events):
Event: 6665.873 GC heap after
{Heap after GC invocations=125 (full 0):
 garbage-first heap   total 409600K, used 111815K [0x0000000080000000, 0x0000000100000000)
  region size 1024K, 2 young (2048K), 2 survivors (2048K)
 Metaspace       used 145674K, committed 147456K, reserved 1179648K
  class space    used 19029K, committed 19904K, reserved 1048576K
}
Event: 6666.141 GC heap before
{Heap before GC invocations=125 (full 0):
 garbage-first heap   total 409600K, used 164039K [0x0000000080000000, 0x0000000100000000)
  region size 1024K, 55 young (56320K), 2 survivors (2048K)
 Metaspace       used 145721K, committed 147520K, reserved 1179648K
  class space    used 19030K, committed 19904K, reserved 1048576K
}
Event: 6666.148 GC heap after
{Heap after GC invocations=126 (full 0):
 garbage-first heap   total 409600K, used 120941K [0x0000000080000000, 0x0000000100000000)
  region size 1024K, 11 young (11264K), 11 survivors (11264K)
 Metaspace       used 145721K, committed 147520K, reserved 1179648K
  class space    used 19030K, committed 19904K, reserved 1048576K
}
Event: 6762.569 GC heap before
{Heap before GC invocations=127 (full 0):
 garbage-first heap   total 409600K, used 354413K [0x0000000080000000, 0x0000000100000000)
  region size 1024K, 216 young (221184K), 11 survivors (11264K)
 Metaspace       used 145830K, committed 147648K, reserved 1179648K
  class space    used 19030K, committed 19904K, reserved 1048576K
}
Event: 6762.583 GC heap after
{Heap after GC invocations=128 (full 0):
 garbage-first heap   total 409600K, used 142331K [0x0000000080000000, 0x0000000100000000)
  region size 1024K, 27 young (27648K), 27 survivors (27648K)
 Metaspace       used 145830K, committed 147648K, reserved 1179648K
  class space    used 19030K, committed 19904K, reserved 1048576K
}
Event: 6762.585 GC heap before
{Heap before GC invocations=128 (full 0):
 garbage-first heap   total 409600K, used 143355K [0x0000000080000000, 0x0000000100000000)
  region size 1024K, 28 young (28672K), 27 survivors (27648K)
 Metaspace       used 145830K, committed 147648K, reserved 1179648K
  class space    used 19030K, committed 19904K, reserved 1048576K
}
Event: 6762.600 GC heap after
{Heap after GC invocations=129 (full 0):
 garbage-first heap   total 409600K, used 134029K [0x0000000080000000, 0x0000000100000000)
  region size 1024K, 3 young (3072K), 3 survivors (3072K)
 Metaspace       used 145830K, committed 147648K, reserved 1179648K
  class space    used 19030K, committed 19904K, reserved 1048576K
}
Event: 6762.934 GC heap before
{Heap before GC invocations=129 (full 0):
 garbage-first heap   total 409600K, used 181133K [0x0000000080000000, 0x0000000100000000)
  region size 1024K, 51 young (52224K), 3 survivors (3072K)
 Metaspace       used 145878K, committed 147648K, reserved 1179648K
  class space    used 19030K, committed 19904K, reserved 1048576K
}
Event: 6762.938 GC heap after
{Heap after GC invocations=130 (full 0):
 garbage-first heap   total 409600K, used 135050K [0x0000000080000000, 0x0000000100000000)
  region size 1024K, 4 young (4096K), 4 survivors (4096K)
 Metaspace       used 145878K, committed 147648K, reserved 1179648K
  class space    used 19030K, committed 19904K, reserved 1048576K
}
Event: 7174.290 GC heap before
{Heap before GC invocations=131 (full 0):
 garbage-first heap   total 409600K, used 332682K [0x0000000080000000, 0x0000000100000000)
  region size 1024K, 176 young (180224K), 4 survivors (4096K)
 Metaspace       used 146326K, committed 148160K, reserved 1179648K
  class space    used 19097K, committed 19968K, reserved 1048576K
}
Event: 7174.297 GC heap after
{Heap after GC invocations=132 (full 0):
 garbage-first heap   total 409600K, used 140003K [0x0000000080000000, 0x0000000100000000)
  region size 1024K, 7 young (7168K), 7 survivors (7168K)
 Metaspace       used 146326K, committed 148160K, reserved 1179648K
  class space    used 19097K, committed 19968K, reserved 1048576K
}
Event: 7174.362 GC heap before
{Heap before GC invocations=132 (full 0):
 garbage-first heap   total 409600K, used 152291K [0x0000000080000000, 0x0000000100000000)
  region size 1024K, 20 young (20480K), 7 survivors (7168K)
 Metaspace       used 146351K, committed 148160K, reserved 1179648K
  class space    used 19097K, committed 19968K, reserved 1048576K
}
Event: 7174.375 GC heap after
{Heap after GC invocations=133 (full 0):
 garbage-first heap   total 409600K, used 125379K [0x0000000080000000, 0x0000000100000000)
  region size 1024K, 3 young (3072K), 3 survivors (3072K)
 Metaspace       used 146351K, committed 148160K, reserved 1179648K
  class space    used 19097K, committed 19968K, reserved 1048576K
}
Event: 7174.800 GC heap before
{Heap before GC invocations=133 (full 0):
 garbage-first heap   total 409600K, used 166339K [0x0000000080000000, 0x0000000100000000)
  region size 1024K, 45 young (46080K), 3 survivors (3072K)
 Metaspace       used 146386K, committed 148224K, reserved 1179648K
  class space    used 19097K, committed 19968K, reserved 1048576K
}
Event: 7174.810 GC heap after
{Heap after GC invocations=134 (full 0):
 garbage-first heap   total 409600K, used 132367K [0x0000000080000000, 0x0000000100000000)
  region size 1024K, 10 young (10240K), 10 survivors (10240K)
 Metaspace       used 146386K, committed 148224K, reserved 1179648K
  class space    used 19097K, committed 19968K, reserved 1048576K
}
Event: 7429.394 GC heap before
{Heap before GC invocations=135 (full 0):
 garbage-first heap   total 409600K, used 319759K [0x0000000080000000, 0x0000000100000000)
  region size 1024K, 172 young (176128K), 10 survivors (10240K)
 Metaspace       used 146493K, committed 148352K, reserved 1179648K
  class space    used 19099K, committed 19968K, reserved 1048576K
}
Event: 7429.403 GC heap after
{Heap after GC invocations=136 (full 0):
 garbage-first heap   total 409600K, used 138995K [0x0000000080000000, 0x0000000100000000)
  region size 1024K, 14 young (14336K), 14 survivors (14336K)
 Metaspace       used 146493K, committed 148352K, reserved 1179648K
  class space    used 19099K, committed 19968K, reserved 1048576K
}
Event: 7429.422 GC heap before
{Heap before GC invocations=136 (full 0):
 garbage-first heap   total 409600K, used 145139K [0x0000000080000000, 0x0000000100000000)
  region size 1024K, 20 young (20480K), 14 survivors (14336K)
 Metaspace       used 146493K, committed 148352K, reserved 1179648K
  class space    used 19099K, committed 19968K, reserved 1048576K
}
Event: 7429.434 GC heap after
{Heap after GC invocations=137 (full 0):
 garbage-first heap   total 409600K, used 120623K [0x0000000080000000, 0x0000000100000000)
  region size 1024K, 2 young (2048K), 2 survivors (2048K)
 Metaspace       used 146493K, committed 148352K, reserved 1179648K
  class space    used 19099K, committed 19968K, reserved 1048576K
}
Event: 7429.628 GC heap before
{Heap before GC invocations=137 (full 0):
 garbage-first heap   total 409600K, used 141103K [0x0000000080000000, 0x0000000100000000)
  region size 1024K, 24 young (24576K), 2 survivors (2048K)
 Metaspace       used 146496K, committed 148352K, reserved 1179648K
  class space    used 19099K, committed 19968K, reserved 1048576K
}

